{"message":"auth page:TypeError: Cannot read property 'length' of undefined","level":"error","service":"user-interact"}
{"message":"auth page:TypeError: Cannot read property 'length' of undefined","level":"error","service":"user-interact"}
{"message":"auth page:TypeError: Cannot read property 'length' of undefined","level":"error","service":"user-interact"}
{"message":"category page:TypeError: Cannot read property 'length' of undefined","level":"error","service":"user-interact"}
{"message":"category page:TypeError: Cannot read property 'length' of undefined","level":"error","service":"user-interact"}
{"message":"category page:TypeError: Cannot read property 'length' of undefined","level":"error","service":"user-interact"}
{"message":"category page:TypeError: Cannot read property 'length' of undefined","level":"error","service":"user-interact"}
{"message":"category page:TypeError: Cannot read property 'length' of undefined","level":"error","service":"user-interact"}
{"message":"category page:TypeError: Cannot read property 'length' of undefined","level":"error","service":"user-interact"}
{"message":"category put:ReferenceError: postsave is not defined","level":"error","service":"user-interact"}
{"message":"category page:TypeError: Cannot read property 'length' of undefined","level":"error","service":"user-interact"}
{"message":"category page:TypeError: Cannot read property 'length' of undefined","level":"error","service":"user-interact"}
{"message":"category page:TypeError: Cannot read property 'length' of undefined","level":"error","service":"user-interact"}
{"message":"category post:ReferenceError: postsave is not defined","level":"error","service":"user-interact"}
{"message":"category page:TypeError: Cannot read property 'length' of undefined","level":"error","service":"user-interact"}
{"message":"category post:ReferenceError: postsave is not defined","level":"error","service":"user-interact"}
{"message":"category page:TypeError: Cannot read property 'length' of undefined","level":"error","service":"user-interact"}
{"message":"category page:TypeError: Cannot read property 'length' of undefined","level":"error","service":"user-interact"}
{"message":"auth page:TypeError: Cannot read property 'length' of undefined","level":"error","service":"user-interact"}
{"message":"role page:TypeError: Cannot read property 'length' of undefined","level":"error","service":"user-interact"}
{"message":"category page:TypeError: Cannot read property 'length' of undefined","level":"error","service":"user-interact"}
{"message":"category page:TypeError: Cannot read property 'itemsPerPage' of undefined","level":"error","service":"user-interact"}
{"message":"category page:TypeError: Cannot read property 'itemsPerPage' of undefined","level":"error","service":"user-interact"}
{"message":"auth page:TypeError: Cannot read property 'length' of undefined","level":"error","service":"user-interact"}
