{"message":"verify token:JsonWebTokenError: jwt malformed","level":"error","service":"user-interact"}
{"message":"category page:TypeError: Cannot read property 'length' of undefined","level":"error","service":"user-interact"}
{"message":"verify token:JsonWebTokenError: jwt malformed","level":"error","service":"user-interact"}
{"message":"verify token:JsonWebTokenError: jwt malformed","level":"error","service":"user-interact"}
{"message":"verify token:JsonWebTokenError: jwt malformed","level":"error","service":"user-interact"}
{"message":"verify token:JsonWebTokenError: jwt malformed","level":"error","service":"user-interact"}
{"message":"role page:TypeError: Cannot read property 'length' of undefined","level":"error","service":"user-interact"}
{"message":"verify token:JsonWebTokenError: jwt malformed","level":"error","service":"user-interact"}
{"message":"verify token:JsonWebTokenError: jwt malformed","level":"error","service":"user-interact"}
{"message":"post post:ValidationError: image.0: Cast to Buffer failed for value \"{}\" at path \"image\", image: Cast to Array failed for value \"[ {}, {} ]\" at path \"image\"","level":"error","service":"user-interact"}
{"message":"post post:ValidationError: image.0: Cast to Buffer failed for value \"{}\" at path \"image\", image: Cast to Array failed for value \"[ {}, {} ]\" at path \"image\"","level":"error","service":"user-interact"}
{"message":"post post:ValidationError: image.0: Cast to Buffer failed for value \"{}\" at path \"image\", image: Cast to Array failed for value \"[ {}, {} ]\" at path \"image\"","level":"error","service":"user-interact"}
{"message":"post post:ValidationError: image.0: Cast to Buffer failed for value \"{}\" at path \"image\", image: Cast to Array failed for value \"[ {}, {} ]\" at path \"image\"","level":"error","service":"user-interact"}
{"message":"post post:ValidationError: image.0: Cast to Buffer failed for value \"{}\" at path \"image\", image: Cast to Array failed for value \"[ {}, {} ]\" at path \"image\"","level":"error","service":"user-interact"}
{"message":"post page:TypeError: Cannot read property 'itemsPerPage' of undefined","level":"error","service":"user-interact"}
{"message":"verify token:MongooseServerSelectionError: Could not connect to any servers in your MongoDB Atlas cluster. One common reason is that you're trying to access the database from an IP that isn't whitelisted. Make sure your current IP address is on your Atlas cluster's IP whitelist: https://docs.atlas.mongodb.com/security-whitelist/","level":"error","service":"user-interact"}
{"message":"category page:MongooseServerSelectionError: Could not connect to any servers in your MongoDB Atlas cluster. One common reason is that you're trying to access the database from an IP that isn't whitelisted. Make sure your current IP address is on your Atlas cluster's IP whitelist: https://docs.atlas.mongodb.com/security-whitelist/","level":"error","service":"user-interact"}
{"message":"category page:MongooseServerSelectionError: Could not connect to any servers in your MongoDB Atlas cluster. One common reason is that you're trying to access the database from an IP that isn't whitelisted. Make sure your current IP address is on your Atlas cluster's IP whitelist: https://docs.atlas.mongodb.com/security-whitelist/","level":"error","service":"user-interact"}
{"message":"verify token:MongooseServerSelectionError: Could not connect to any servers in your MongoDB Atlas cluster. One common reason is that you're trying to access the database from an IP that isn't whitelisted. Make sure your current IP address is on your Atlas cluster's IP whitelist: https://docs.atlas.mongodb.com/security-whitelist/","level":"error","service":"user-interact"}
{"message":"category page:MongooseServerSelectionError: Could not connect to any servers in your MongoDB Atlas cluster. One common reason is that you're trying to access the database from an IP that isn't whitelisted. Make sure your current IP address is on your Atlas cluster's IP whitelist: https://docs.atlas.mongodb.com/security-whitelist/","level":"error","service":"user-interact"}
{"message":"post post:Error [ERR_HTTP_HEADERS_SENT]: Cannot set headers after they are sent to the client","level":"error","service":"user-interact"}
{"message":"post post:ValidationError: image.0: Cast to Buffer failed for value \"Promise { <pending> }\" at path \"image\", image: Cast to Array failed for value \"[ Promise { <pending> }, Promise { <pending> } ]\" at path \"image\"","level":"error","service":"user-interact"}
{"message":"post post:ValidationError: image.0: Cast to Buffer failed for value \"Promise { <pending> }\" at path \"image\", image: Cast to Array failed for value \"[ Promise { <pending> } ]\" at path \"image\"","level":"error","service":"user-interact"}
{"message":"post post:ValidationError: image.0: Cast to Buffer failed for value \"Promise {\n  <rejected> TypeError: Jimp.read(...).getBase64 is not a function\n      at JimpImage (C:\\Users\\Vannak Heng\\Documents\\GitHub\\NodeJs_VueJs\\server\\helper.js:13:34)\n      at req.body.image.forEach.element (C:\\Users\\Vannak Heng\\Documents\\GitHub\\NodeJs_VueJs\\server\\routes\\posts.js:110:25)\n      at Array.forEach (<anonymous>)\n      at router.post (C:\\Users\\Vannak Heng\\Documents\\GitHub\\NodeJs_VueJs\\server\\routes\\posts.js:109:20)\n      at Layer.handle [as handle_request] (C:\\Users\\Vannak Heng\\Documents\\GitHub\\NodeJs_VueJs\\server\\node_modules\\express\\lib\\router\\layer.js:95:5)\n      at next (C:\\Users\\Vannak Heng\\Documents\\GitHub\\NodeJs_VueJs\\server\\node_modules\\express\\lib\\router\\route.js:137:13)\n      at auth (C:\\Users\\Vannak Heng\\Documents\\GitHub\\NodeJs_VueJs\\server\\routes\\verifyToken.js:37:9)\n      at process._tickCallback (internal/process/next_tick.js:68:7) }\" at path \"image\", image: Cast to Array failed for value \"[ Promise {\n    <rejected> TypeError: Jimp.read(...).getBase64 is not a function\n        at JimpImage (C:\\Users\\Vannak Heng\\Documents\\GitHub\\NodeJs_VueJs\\server\\helper.js:13:34)\n        at req.body.image.forEach.element (C:\\Users\\Vannak Heng\\Documents\\GitHub\\NodeJs_VueJs\\server\\routes\\posts.js:110:25)\n        at Array.forEach (<anonymous>)\n        at router.post (C:\\Users\\Vannak Heng\\Documents\\GitHub\\NodeJs_VueJs\\server\\routes\\posts.js:109:20)\n        at Layer.handle [as handle_request] (C:\\Users\\Vannak Heng\\Documents\\GitHub\\NodeJs_VueJs\\server\\node_modules\\express\\lib\\router\\layer.js:95:5)\n        at next (C:\\Users\\Vannak Heng\\Documents\\GitHub\\NodeJs_VueJs\\server\\node_modules\\express\\lib\\router\\route.js:137:13)\n        at auth (C:\\Users\\Vannak Heng\\Documents\\GitHub\\NodeJs_VueJs\\server\\routes\\verifyToken.js:37:9)\n        at process._tickCallback (internal/process/next_tick.js:68:7) } ]\" at path \"image\"","level":"error","service":"user-interact"}
{"message":"post post:ValidationError: image.0: Cast to Buffer failed for value \"Promise {\n  <rejected> TypeError: Jimp.read(...).getBase64 is not a function\n      at JimpImage (C:\\Users\\Vannak Heng\\Documents\\GitHub\\NodeJs_VueJs\\server\\helper.js:13:32)\n      at req.body.image.forEach.element (C:\\Users\\Vannak Heng\\Documents\\GitHub\\NodeJs_VueJs\\server\\routes\\posts.js:116:25)\n      at Array.forEach (<anonymous>)\n      at router.post (C:\\Users\\Vannak Heng\\Documents\\GitHub\\NodeJs_VueJs\\server\\routes\\posts.js:115:20)\n      at Layer.handle [as handle_request] (C:\\Users\\Vannak Heng\\Documents\\GitHub\\NodeJs_VueJs\\server\\node_modules\\express\\lib\\router\\layer.js:95:5)\n      at next (C:\\Users\\Vannak Heng\\Documents\\GitHub\\NodeJs_VueJs\\server\\node_modules\\express\\lib\\router\\route.js:137:13)\n      at auth (C:\\Users\\Vannak Heng\\Documents\\GitHub\\NodeJs_VueJs\\server\\routes\\verifyToken.js:37:9)\n      at process._tickCallback (internal/process/next_tick.js:68:7) }\" at path \"image\", image: Cast to Array failed for value \"[ Promise {\n    <rejected> TypeError: Jimp.read(...).getBase64 is not a function\n        at JimpImage (C:\\Users\\Vannak Heng\\Documents\\GitHub\\NodeJs_VueJs\\server\\helper.js:13:32)\n        at req.body.image.forEach.element (C:\\Users\\Vannak Heng\\Documents\\GitHub\\NodeJs_VueJs\\server\\routes\\posts.js:116:25)\n        at Array.forEach (<anonymous>)\n        at router.post (C:\\Users\\Vannak Heng\\Documents\\GitHub\\NodeJs_VueJs\\server\\routes\\posts.js:115:20)\n        at Layer.handle [as handle_request] (C:\\Users\\Vannak Heng\\Documents\\GitHub\\NodeJs_VueJs\\server\\node_modules\\express\\lib\\router\\layer.js:95:5)\n        at next (C:\\Users\\Vannak Heng\\Documents\\GitHub\\NodeJs_VueJs\\server\\node_modules\\express\\lib\\router\\route.js:137:13)\n        at auth (C:\\Users\\Vannak Heng\\Documents\\GitHub\\NodeJs_VueJs\\server\\routes\\verifyToken.js:37:9)\n        at process._tickCallback (internal/process/next_tick.js:68:7) } ]\" at path \"image\"","level":"error","service":"user-interact"}
{"message":"post post:ValidationError: image: Cast to [Buffer] failed for value \"[null]\" at path \"image\"","level":"error","service":"user-interact"}
{"message":"post post:ValidationError: image.0: Cast to Buffer failed for value \"Promise { <pending> }\" at path \"image\", image: Cast to Array failed for value \"[ Promise { <pending> } ]\" at path \"image\"","level":"error","service":"user-interact"}
{"message":"post post:ValidationError: image.0: Cast to Buffer failed for value \"Promise { <pending> }\" at path \"image\", image: Cast to Array failed for value \"[ Promise { <pending> } ]\" at path \"image\"","level":"error","service":"user-interact"}
{"message":"post post:ValidationError: image.0: Cast to Buffer failed for value \"Promise { <pending> }\" at path \"image\", image: Cast to Array failed for value \"[ Promise { <pending> } ]\" at path \"image\"","level":"error","service":"user-interact"}
{"message":"verify token:JsonWebTokenError: jwt malformed","level":"error","service":"user-interact"}
{"message":"verify token:JsonWebTokenError: jwt malformed","level":"error","service":"user-interact"}
{"message":"verify token:JsonWebTokenError: jwt malformed","level":"error","service":"user-interact"}
{"message":"verify token:JsonWebTokenError: jwt malformed","level":"error","service":"user-interact"}
{"message":"auth page:TypeError: Cannot read property 'length' of undefined","level":"error","service":"user-interact"}
{"message":"role page:TypeError: Cannot read property 'length' of undefined","level":"error","service":"user-interact"}
{"message":"category page:TypeError: Cannot read property 'length' of undefined","level":"error","service":"user-interact"}
{"message":"auth page:TypeError: Cannot read property 'length' of undefined","level":"error","service":"user-interact"}
{"message":"role page:TypeError: Cannot read property 'length' of undefined","level":"error","service":"user-interact"}
{"message":"role page:TypeError: Cannot read property 'length' of undefined","level":"error","service":"user-interact"}
{"message":"role page:TypeError: Cannot read property 'length' of undefined","level":"error","service":"user-interact"}
{"message":"role page:TypeError: Cannot read property 'length' of undefined","level":"error","service":"user-interact"}
{"message":"role page:TypeError: Cannot read property 'length' of undefined","level":"error","service":"user-interact"}
{"message":"role page:TypeError: Cannot read property 'length' of undefined","level":"error","service":"user-interact"}
{"message":"role page:TypeError: Cannot read property 'length' of undefined","level":"error","service":"user-interact"}
{"message":"role page:TypeError: Cannot read property 'length' of undefined","level":"error","service":"user-interact"}
{"message":"role page:TypeError: Cannot read property 'length' of undefined","level":"error","service":"user-interact"}
{"message":"role page:TypeError: Cannot read property 'length' of undefined","level":"error","service":"user-interact"}
{"message":"role page:TypeError: Cannot read property 'length' of undefined","level":"error","service":"user-interact"}
{"message":"role page:TypeError: Cannot read property 'length' of undefined","level":"error","service":"user-interact"}
{"message":"language page:TypeError: Cannot read property 'length' of undefined","level":"error","service":"user-interact"}
{"message":"role page:TypeError: Cannot read property 'length' of undefined","level":"error","service":"user-interact"}
{"message":"role page:TypeError: Cannot read property 'length' of undefined","level":"error","service":"user-interact"}
{"message":"language page:TypeError: Cannot read property 'length' of undefined","level":"error","service":"user-interact"}
{"message":"language page:TypeError: Cannot read property 'length' of undefined","level":"error","service":"user-interact"}
{"message":"language page:TypeError: Cannot read property 'length' of undefined","level":"error","service":"user-interact"}
{"message":"language page:TypeError: Cannot read property 'length' of undefined","level":"error","service":"user-interact"}
{"message":"language page:TypeError: Cannot read property 'length' of undefined","level":"error","service":"user-interact"}
{"message":"language page:TypeError: Cannot read property 'length' of undefined","level":"error","service":"user-interact"}
{"message":"category page:MongooseServerSelectionError: connection <monitor> to 34.225.212.207:27017 timed out","level":"error","service":"user-interact"}
{"message":"category page:MongooseServerSelectionError: connection <monitor> to 34.225.212.207:27017 timed out","level":"error","service":"user-interact"}
{"message":"verify token:MongooseServerSelectionError: connection <monitor> to 34.225.212.207:27017 timed out","level":"error","service":"user-interact"}
{"message":"verify token:MongooseServerSelectionError: connection <monitor> to 34.225.212.207:27017 timed out","level":"error","service":"user-interact"}
{"message":"verify token:MongooseServerSelectionError: connection <monitor> to 34.225.212.207:27017 timed out","level":"error","service":"user-interact"}
{"message":"category page:MongooseServerSelectionError: connection <monitor> to 34.225.212.207:27017 timed out","level":"error","service":"user-interact"}
{"message":"language page:TypeError: Cannot read property 'length' of undefined","level":"error","service":"user-interact"}
{"message":"language page:TypeError: Cannot read property 'length' of undefined","level":"error","service":"user-interact"}
{"message":"language page:TypeError: Cannot read property 'length' of undefined","level":"error","service":"user-interact"}
{"message":"role page:TypeError: Cannot read property 'length' of undefined","level":"error","service":"user-interact"}
{"message":"role page:TypeError: Cannot read property 'length' of undefined","level":"error","service":"user-interact"}
{"message":"language page:TypeError: Cannot read property 'length' of undefined","level":"error","service":"user-interact"}
{"message":"language page:TypeError: Cannot read property 'itemsPerPage' of undefined","level":"error","service":"user-interact"}
{"message":"language page:TypeError: Cannot read property 'itemsPerPage' of undefined","level":"error","service":"user-interact"}
{"message":"language page:TypeError: Cannot read property 'itemsPerPage' of undefined","level":"error","service":"user-interact"}
{"message":"localization getByParent:ReferenceError: searchObj is not defined","level":"error","service":"user-interact"}
{"message":"localization getByParent:ReferenceError: searchObj is not defined","level":"error","service":"user-interact"}
{"message":"role page:TypeError: Cannot read property 'length' of undefined","level":"error","service":"user-interact"}
{"message":"role page:TypeError: Cannot read property 'length' of undefined","level":"error","service":"user-interact"}
{"message":"language page:TypeError: Cannot read property 'length' of undefined","level":"error","service":"user-interact"}
{"message":"role page:TypeError: Cannot read property 'length' of undefined","level":"error","service":"user-interact"}
{"message":"language page:TypeError: Cannot read property 'length' of undefined","level":"error","service":"user-interact"}
{"message":"category page:TypeError: Cannot read property 'length' of undefined","level":"error","service":"user-interact"}
{"message":"language page:TypeError: Cannot read property 'length' of undefined","level":"error","service":"user-interact"}
{"message":"language page:TypeError: Cannot read property 'length' of undefined","level":"error","service":"user-interact"}
{"message":"language page:TypeError: Cannot read property 'length' of undefined","level":"error","service":"user-interact"}
{"message":"localization getByParent:CastError: Cast to ObjectId failed for value \"undefined\" at path \"lang\" for model \"Localization\"","level":"error","service":"user-interact"}
{"message":"localization getByParent:CastError: Cast to ObjectId failed for value \"undefined\" at path \"lang\" for model \"Localization\"","level":"error","service":"user-interact"}
{"message":"localization getByParent:CastError: Cast to ObjectId failed for value \"undefined\" at path \"lang\" for model \"Localization\"","level":"error","service":"user-interact"}
{"message":"category page:TypeError: Cannot read property 'length' of undefined","level":"error","service":"user-interact"}
{"message":"category page:TypeError: Cannot read property 'length' of undefined","level":"error","service":"user-interact"}
{"message":"category page:TypeError: Cannot read property 'length' of undefined","level":"error","service":"user-interact"}
{"message":"category page:TypeError: Cannot read property 'length' of undefined","level":"error","service":"user-interact"}
{"message":"category page:TypeError: Cannot read property 'length' of undefined","level":"error","service":"user-interact"}
{"message":"category page:TypeError: Cannot read property 'length' of undefined","level":"error","service":"user-interact"}
{"message":"category page:TypeError: Cannot read property 'length' of undefined","level":"error","service":"user-interact"}
{"message":"category page:TypeError: Cannot read property 'length' of undefined","level":"error","service":"user-interact"}
{"message":"category page:TypeError: Cannot read property 'length' of undefined","level":"error","service":"user-interact"}
{"message":"category page:TypeError: Cannot read property 'length' of undefined","level":"error","service":"user-interact"}
{"message":"category page:TypeError: Cannot read property 'length' of undefined","level":"error","service":"user-interact"}
{"message":"auth page:TypeError: Cannot read property 'length' of undefined","level":"error","service":"user-interact"}
{"message":"role page:TypeError: Cannot read property 'length' of undefined","level":"error","service":"user-interact"}
{"message":"auth page:TypeError: Cannot read property 'length' of undefined","level":"error","service":"user-interact"}
{"message":"role page:TypeError: Cannot read property 'length' of undefined","level":"error","service":"user-interact"}
{"message":"language page:TypeError: Cannot read property 'length' of undefined","level":"error","service":"user-interact"}
{"message":"category page:TypeError: Cannot read property 'length' of undefined","level":"error","service":"user-interact"}
{"message":"category page:TypeError: Cannot read property 'length' of undefined","level":"error","service":"user-interact"}
{"message":"category page:TypeError: Cannot read property 'length' of undefined","level":"error","service":"user-interact"}
{"message":"category page:TypeError: Cannot read property 'length' of undefined","level":"error","service":"user-interact"}
{"message":"category page:TypeError: Cannot read property 'length' of undefined","level":"error","service":"user-interact"}
{"message":"category page:TypeError: Cannot read property 'length' of undefined","level":"error","service":"user-interact"}
{"message":"category page:TypeError: Cannot read property 'length' of undefined","level":"error","service":"user-interact"}
{"message":"category page:TypeError: Cannot read property 'length' of undefined","level":"error","service":"user-interact"}
{"message":"category page:TypeError: Cannot read property 'length' of undefined","level":"error","service":"user-interact"}
{"message":"category page:TypeError: Cannot read property 'length' of undefined","level":"error","service":"user-interact"}
{"message":"category page:TypeError: Cannot read property 'length' of undefined","level":"error","service":"user-interact"}
{"message":"category page:TypeError: Cannot read property 'length' of undefined","level":"error","service":"user-interact"}
{"message":"category page:TypeError: Cannot read property 'limit' of undefined","level":"error","service":"user-interact"}
{"message":"category page:TypeError: Cannot read property 'length' of undefined","level":"error","service":"user-interact"}
{"message":"category page:TypeError: Cannot read property 'length' of undefined","level":"error","service":"user-interact"}
{"message":"category page:TypeError: Cannot read property 'length' of undefined","level":"error","service":"user-interact"}
{"message":"category page:TypeError: Cannot read property 'length' of undefined","level":"error","service":"user-interact"}
{"message":"category page:TypeError: Cannot read property 'length' of undefined","level":"error","service":"user-interact"}
{"message":"category page:TypeError: Cannot read property 'length' of undefined","level":"error","service":"user-interact"}
{"message":"category page:TypeError: Cannot read property 'length' of undefined","level":"error","service":"user-interact"}
{"message":"category page:TypeError: Cannot read property 'length' of undefined","level":"error","service":"user-interact"}
{"message":"category page:TypeError: Cannot read property 'length' of undefined","level":"error","service":"user-interact"}
{"message":"category page:TypeError: Cannot read property 'length' of undefined","level":"error","service":"user-interact"}
{"message":"category page:TypeError: Cannot read property 'length' of undefined","level":"error","service":"user-interact"}
{"message":"category page:TypeError: Cannot read property 'length' of undefined","level":"error","service":"user-interact"}
{"message":"category page:TypeError: Cannot read property 'length' of undefined","level":"error","service":"user-interact"}
{"message":"category page:TypeError: Cannot read property 'length' of undefined","level":"error","service":"user-interact"}
{"message":"category page:TypeError: Cannot read property 'length' of undefined","level":"error","service":"user-interact"}
{"message":"category page:TypeError: Cannot read property 'length' of undefined","level":"error","service":"user-interact"}
{"message":"category getByLangId:CastError: Cast to ObjectId failed for value \"undefined\" at path \"lang\" for model \"Category\"","level":"error","service":"user-interact"}
{"message":"category getByLangId:CastError: Cast to ObjectId failed for value \"undefined\" at path \"lang\" for model \"Category\"","level":"error","service":"user-interact"}
{"message":"category getByLangId:CastError: Cast to ObjectId failed for value \"undefined\" at path \"lang\" for model \"Category\"","level":"error","service":"user-interact"}
{"message":"category getByLangId:CastError: Cast to ObjectId failed for value \"undefined\" at path \"lang\" for model \"Category\"","level":"error","service":"user-interact"}
{"message":"category getByLangId:CastError: Cast to ObjectId failed for value \"undefined\" at path \"lang\" for model \"Category\"","level":"error","service":"user-interact"}
{"message":"category getByLangId:CastError: Cast to ObjectId failed for value \"undefined\" at path \"lang\" for model \"Category\"","level":"error","service":"user-interact"}
{"message":"category getByLangId:CastError: Cast to ObjectId failed for value \"undefined\" at path \"lang\" for model \"Category\"","level":"error","service":"user-interact"}
{"message":"category page:TypeError: Cannot read property 'length' of undefined","level":"error","service":"user-interact"}
{"message":"category page:TypeError: Cannot read property 'length' of undefined","level":"error","service":"user-interact"}
{"message":"category page:TypeError: Cannot read property 'length' of undefined","level":"error","service":"user-interact"}
{"message":"category page:TypeError: Cannot read property 'length' of undefined","level":"error","service":"user-interact"}
{"message":"language page:TypeError: Cannot read property 'length' of undefined","level":"error","service":"user-interact"}
{"message":"verify token:JsonWebTokenError: jwt malformed","level":"error","service":"user-interact"}
{"message":"verify token:JsonWebTokenError: jwt malformed","level":"error","service":"user-interact"}
{"message":"role page:TypeError: Cannot read property 'length' of undefined","level":"error","service":"user-interact"}
{"message":"auth page:TypeError: Cannot read property 'length' of undefined","level":"error","service":"user-interact"}
{"message":"auth page:TypeError: Cannot read property 'length' of undefined","level":"error","service":"user-interact"}
{"message":"auth page:TypeError: Cannot read property 'length' of undefined","level":"error","service":"user-interact"}
{"message":"auth page:TypeError: Cannot read property 'length' of undefined","level":"error","service":"user-interact"}
{"message":"auth page:TypeError: Cannot read property 'length' of undefined","level":"error","service":"user-interact"}
{"message":"auth page:TypeError: Cannot read property 'length' of undefined","level":"error","service":"user-interact"}
{"message":"role page:TypeError: Cannot read property 'length' of undefined","level":"error","service":"user-interact"}
{"message":"category page:TypeError: Cannot read property 'length' of undefined","level":"error","service":"user-interact"}
{"message":"language page:TypeError: Cannot read property 'length' of undefined","level":"error","service":"user-interact"}
{"message":"language page:TypeError: Cannot read property 'length' of undefined","level":"error","service":"user-interact"}
{"message":"language page:TypeError: Cannot read property 'length' of undefined","level":"error","service":"user-interact"}
{"message":"language page:TypeError: Cannot read property 'length' of undefined","level":"error","service":"user-interact"}
{"message":"role page:TypeError: Cannot read property 'length' of undefined","level":"error","service":"user-interact"}
{"message":"auth page:TypeError: Cannot read property 'length' of undefined","level":"error","service":"user-interact"}
{"message":"language page:TypeError: Cannot read property 'length' of undefined","level":"error","service":"user-interact"}
{"message":"auth page:TypeError: Cannot read property 'length' of undefined","level":"error","service":"user-interact"}
{"message":"auth page:TypeError: Cannot read property 'length' of undefined","level":"error","service":"user-interact"}
{"message":"auth page:TypeError: Cannot read property 'length' of undefined","level":"error","service":"user-interact"}
{"message":"auth page:TypeError: Cannot read property 'length' of undefined","level":"error","service":"user-interact"}
{"message":"role page:TypeError: Cannot read property 'length' of undefined","level":"error","service":"user-interact"}
{"message":"role page:TypeError: Cannot read property 'length' of undefined","level":"error","service":"user-interact"}
{"message":"auth page:TypeError: Cannot read property 'length' of undefined","level":"error","service":"user-interact"}
{"message":"category page:TypeError: Cannot read property 'length' of undefined","level":"error","service":"user-interact"}
{"message":"language page:TypeError: Cannot read property 'length' of undefined","level":"error","service":"user-interact"}
{"message":"category page:TypeError: Cannot read property 'length' of undefined","level":"error","service":"user-interact"}
{"message":"category page:TypeError: Cannot read property 'length' of undefined","level":"error","service":"user-interact"}
{"message":"category page:Error: Can't use $options","level":"error","service":"user-interact"}
{"message":"category page:Error: Can't use $options","level":"error","service":"user-interact"}
{"message":"category page:Error: Can't use $options","level":"error","service":"user-interact"}
{"message":"category page:Error: Can't use $options","level":"error","service":"user-interact"}
{"message":"category page:Error: Can't use $options","level":"error","service":"user-interact"}
{"message":"category page:Error: Can't use $options","level":"error","service":"user-interact"}
{"message":"auth page:TypeError: Cannot read property 'length' of undefined","level":"error","service":"user-interact"}
{"message":"language page:TypeError: Cannot read property 'length' of undefined","level":"error","service":"user-interact"}
{"message":"category page:TypeError: Cannot read property 'length' of undefined","level":"error","service":"user-interact"}
{"message":"language page:TypeError: Cannot read property 'length' of undefined","level":"error","service":"user-interact"}
{"message":"category page:TypeError: Cannot read property 'length' of undefined","level":"error","service":"user-interact"}
{"message":"language page:TypeError: Cannot read property 'length' of undefined","level":"error","service":"user-interact"}
{"message":"language page:TypeError: Cannot read property 'length' of undefined","level":"error","service":"user-interact"}
{"message":"category page:TypeError: Cannot read property 'length' of undefined","level":"error","service":"user-interact"}
{"message":"auth page:TypeError: Cannot read property 'length' of undefined","level":"error","service":"user-interact"}
{"message":"auth page:TypeError: Cannot read property 'length' of undefined","level":"error","service":"user-interact"}
{"message":"auth page:TypeError: Cannot read property 'length' of undefined","level":"error","service":"user-interact"}
{"message":"auth page:TypeError: Cannot read property 'length' of undefined","level":"error","service":"user-interact"}
{"message":"auth page:TypeError: Cannot read property 'length' of undefined","level":"error","service":"user-interact"}
{"message":"auth page:TypeError: Cannot read property 'length' of undefined","level":"error","service":"user-interact"}
{"message":"auth page:TypeError: Cannot read property 'length' of undefined","level":"error","service":"user-interact"}
{"message":"auth page:TypeError: Cannot read property 'length' of undefined","level":"error","service":"user-interact"}
{"message":"auth page:TypeError: Cannot read property 'length' of undefined","level":"error","service":"user-interact"}
{"message":"auth page:TypeError: Cannot read property 'length' of undefined","level":"error","service":"user-interact"}
{"message":"role page:TypeError: Cannot read property 'length' of undefined","level":"error","service":"user-interact"}
{"message":"auth page:TypeError: Cannot read property 'length' of undefined","level":"error","service":"user-interact"}
{"message":"auth page:TypeError: Cannot read property 'length' of undefined","level":"error","service":"user-interact"}
{"message":"auth page:TypeError: Cannot read property 'length' of undefined","level":"error","service":"user-interact"}
{"message":"language page:TypeError: Cannot read property 'length' of undefined","level":"error","service":"user-interact"}
{"message":"category page:TypeError: Cannot read property 'length' of undefined","level":"error","service":"user-interact"}
{"message":"role page:TypeError: Cannot read property 'length' of undefined","level":"error","service":"user-interact"}
{"message":"role page:TypeError: Cannot read property 'length' of undefined","level":"error","service":"user-interact"}
{"message":"auth page:TypeError: Cannot read property 'length' of undefined","level":"error","service":"user-interact"}
{"message":"auth page:TypeError: Cannot read property 'length' of undefined","level":"error","service":"user-interact"}
{"message":"auth page:TypeError: Cannot read property 'length' of undefined","level":"error","service":"user-interact"}
{"message":"auth page:TypeError: Cannot read property 'length' of undefined","level":"error","service":"user-interact"}
{"message":"auth page:TypeError: Cannot read property 'length' of undefined","level":"error","service":"user-interact"}
{"message":"auth page:TypeError: Cannot read property 'length' of undefined","level":"error","service":"user-interact"}
{"message":"auth page:TypeError: Cannot read property 'length' of undefined","level":"error","service":"user-interact"}
{"message":"auth page:TypeError: Cannot read property 'length' of undefined","level":"error","service":"user-interact"}
{"message":"auth page:TypeError: Cannot read property 'length' of undefined","level":"error","service":"user-interact"}
{"message":"auth page:TypeError: Cannot read property 'length' of undefined","level":"error","service":"user-interact"}
{"message":"auth page:TypeError: Cannot read property 'length' of undefined","level":"error","service":"user-interact"}
{"message":"auth page:TypeError: Cannot read property 'length' of undefined","level":"error","service":"user-interact"}
{"message":"auth page:TypeError: Cannot read property 'length' of undefined","level":"error","service":"user-interact"}
{"message":"auth page:TypeError: Cannot read property 'length' of undefined","level":"error","service":"user-interact"}
{"message":"verify token:JsonWebTokenError: jwt malformed","level":"error","service":"user-interact"}
{"message":"verify token:JsonWebTokenError: jwt malformed","level":"error","service":"user-interact"}
{"message":"verify token:JsonWebTokenError: jwt malformed","level":"error","service":"user-interact"}
{"message":"verify token:JsonWebTokenError: jwt malformed","level":"error","service":"user-interact"}
{"message":"verify token:JsonWebTokenError: jwt malformed","level":"error","service":"user-interact"}
{"message":"verify token:JsonWebTokenError: jwt malformed","level":"error","service":"user-interact"}
{"message":"verify token:JsonWebTokenError: jwt malformed","level":"error","service":"user-interact"}
{"message":"verify token:JsonWebTokenError: jwt malformed","level":"error","service":"user-interact"}
{"message":"verify token:JsonWebTokenError: jwt malformed","level":"error","service":"user-interact"}
{"message":"verify token:JsonWebTokenError: jwt malformed","level":"error","service":"user-interact"}
{"message":"verify token:JsonWebTokenError: jwt malformed","level":"error","service":"user-interact"}
{"message":"verify token:JsonWebTokenError: jwt malformed","level":"error","service":"user-interact"}
{"message":"verify token:JsonWebTokenError: jwt malformed","level":"error","service":"user-interact"}
{"message":"verify token:JsonWebTokenError: jwt malformed","level":"error","service":"user-interact"}
{"message":"verify token:JsonWebTokenError: jwt malformed","level":"error","service":"user-interact"}
{"message":"verify token:JsonWebTokenError: jwt malformed","level":"error","service":"user-interact"}
{"message":"verify token:JsonWebTokenError: jwt malformed","level":"error","service":"user-interact"}
{"message":"verify token:JsonWebTokenError: jwt malformed","level":"error","service":"user-interact"}
{"message":"verify token:JsonWebTokenError: jwt malformed","level":"error","service":"user-interact"}
{"message":"verify token:JsonWebTokenError: jwt malformed","level":"error","service":"user-interact"}
{"message":"verify token:JsonWebTokenError: jwt malformed","level":"error","service":"user-interact"}
{"message":"verify token:JsonWebTokenError: jwt malformed","level":"error","service":"user-interact"}
{"message":"verify token:JsonWebTokenError: jwt malformed","level":"error","service":"user-interact"}
{"message":"verify token:JsonWebTokenError: jwt malformed","level":"error","service":"user-interact"}
{"message":"post page:TypeError: Cannot read property 'length' of undefined","level":"error","service":"user-interact"}
{"message":"post page:TypeError: Cannot read property 'itemsPerPage' of undefined","level":"error","service":"user-interact"}
{"message":"post page:TypeError: Cannot read property 'length' of undefined","level":"error","service":"user-interact"}
{"message":"post page:TypeError: Cannot read property 'length' of undefined","level":"error","service":"user-interact"}
{"message":"post page:TypeError: Cannot read property 'length' of undefined","level":"error","service":"user-interact"}
{"message":"post page:TypeError: Cannot read property 'length' of undefined","level":"error","service":"user-interact"}
{"message":"post page:TypeError: Cannot read property 'length' of undefined","level":"error","service":"user-interact"}
{"message":"post page:TypeError: Cannot read property 'length' of undefined","level":"error","service":"user-interact"}
{"message":"post page:TypeError: Cannot read property 'length' of undefined","level":"error","service":"user-interact"}
{"message":"post page:TypeError: Cannot read property 'length' of undefined","level":"error","service":"user-interact"}
{"message":"post page:TypeError: Cannot read property 'length' of undefined","level":"error","service":"user-interact"}
{"message":"post page:TypeError: Cannot read property 'length' of undefined","level":"error","service":"user-interact"}
{"message":"post page:TypeError: Cannot read property 'length' of undefined","level":"error","service":"user-interact"}
{"message":"post page:TypeError: Cannot read property 'length' of undefined","level":"error","service":"user-interact"}
{"message":"post page:TypeError: Cannot read property 'length' of undefined","level":"error","service":"user-interact"}
{"message":"post put:ReferenceError: update is not defined","level":"error","service":"user-interact"}
{"message":"post page:TypeError: Cannot read property 'length' of undefined","level":"error","service":"user-interact"}
{"message":"post page:TypeError: Cannot read property 'length' of undefined","level":"error","service":"user-interact"}
{"message":"post page:TypeError: Cannot read property 'length' of undefined","level":"error","service":"user-interact"}
{"message":"post page:TypeError: Cannot read property 'length' of undefined","level":"error","service":"user-interact"}
{"message":"post page:TypeError: Cannot read property 'length' of undefined","level":"error","service":"user-interact"}
{"message":"post page:TypeError: Cannot read property 'length' of undefined","level":"error","service":"user-interact"}
{"message":"post page:TypeError: Cannot read property 'length' of undefined","level":"error","service":"user-interact"}
{"message":"post put:ReferenceError: update is not defined","level":"error","service":"user-interact"}
{"message":"post put:ReferenceError: update is not defined","level":"error","service":"user-interact"}
{"message":"post delete:ReferenceError: post is not defined","level":"error","service":"user-interact"}
{"message":"post page:TypeError: Cannot read property 'length' of undefined","level":"error","service":"user-interact"}
{"message":"post page:TypeError: Cannot read property 'length' of undefined","level":"error","service":"user-interact"}
{"message":"post page:TypeError: Cannot read property 'length' of undefined","level":"error","service":"user-interact"}
{"message":"post page:TypeError: Cannot read property 'length' of undefined","level":"error","service":"user-interact"}
{"message":"post page:TypeError: Cannot read property 'length' of undefined","level":"error","service":"user-interact"}
{"message":"post page:TypeError: Cannot read property 'length' of undefined","level":"error","service":"user-interact"}
{"message":"post page:TypeError: Cannot read property 'length' of undefined","level":"error","service":"user-interact"}
{"message":"post page:TypeError: Cannot read property 'length' of undefined","level":"error","service":"user-interact"}
{"message":"post post:TypeError: postsave.save(...).session is not a function","level":"error","service":"user-interact"}
{"message":"post page:TypeError: Cannot read property 'length' of undefined","level":"error","service":"user-interact"}
{"message":"post post:TypeError: postsave.save(...).session is not a function","level":"error","service":"user-interact"}
{"message":"post post:TypeError: req.body.image is not iterable","level":"error","service":"user-interact"}
{"message":"post post:TypeError: req.body.image is not iterable","level":"error","service":"user-interact"}
{"message":"post page:TypeError: Cannot read property 'length' of undefined","level":"error","service":"user-interact"}
{"message":"post page:TypeError: Cannot read property 'length' of undefined","level":"error","service":"user-interact"}
{"message":"post delete:ReferenceError: post is not defined","level":"error","service":"user-interact"}
{"message":"post page:TypeError: Cannot read property 'length' of undefined","level":"error","service":"user-interact"}
{"message":"post page:TypeError: Cannot read property 'length' of undefined","level":"error","service":"user-interact"}
{"message":"post page:TypeError: Cannot read property 'length' of undefined","level":"error","service":"user-interact"}
{"message":"post page:TypeError: Cannot read property 'length' of undefined","level":"error","service":"user-interact"}
{"message":"post page:TypeError: Cannot read property 'length' of undefined","level":"error","service":"user-interact"}
{"message":"post page:TypeError: Cannot read property 'length' of undefined","level":"error","service":"user-interact"}
{"message":"post page:TypeError: Cannot read property 'length' of undefined","level":"error","service":"user-interact"}
{"message":"post page:TypeError: Cannot read property 'length' of undefined","level":"error","service":"user-interact"}
{"message":"post page:TypeError: Cannot read property 'length' of undefined","level":"error","service":"user-interact"}
{"message":"post page:TypeError: Cannot read property 'length' of undefined","level":"error","service":"user-interact"}
{"message":"post page:TypeError: Cannot read property 'length' of undefined","level":"error","service":"user-interact"}
{"message":"post page:TypeError: Cannot read property 'length' of undefined","level":"error","service":"user-interact"}
{"message":"post page:TypeError: Cannot read property 'length' of undefined","level":"error","service":"user-interact"}
{"message":"post page:TypeError: Cannot read property 'length' of undefined","level":"error","service":"user-interact"}
{"message":"post page:TypeError: Cannot read property 'length' of undefined","level":"error","service":"user-interact"}
{"message":"post page:TypeError: Cannot read property 'length' of undefined","level":"error","service":"user-interact"}
{"message":"post page:TypeError: Cannot read property 'length' of undefined","level":"error","service":"user-interact"}
{"message":"post page:TypeError: Cannot read property 'length' of undefined","level":"error","service":"user-interact"}
{"message":"post page:TypeError: Cannot read property 'length' of undefined","level":"error","service":"user-interact"}
{"message":"post page:TypeError: Cannot read property 'length' of undefined","level":"error","service":"user-interact"}
{"message":"post page:TypeError: Cannot read property 'length' of undefined","level":"error","service":"user-interact"}
{"message":"post page:TypeError: Cannot read property 'length' of undefined","level":"error","service":"user-interact"}
{"message":"post page:TypeError: Cannot read property 'length' of undefined","level":"error","service":"user-interact"}
{"message":"post page:TypeError: Cannot read property 'length' of undefined","level":"error","service":"user-interact"}
{"message":"post page:TypeError: Cannot read property 'length' of undefined","level":"error","service":"user-interact"}
{"message":"post page:TypeError: Cannot read property 'length' of undefined","level":"error","service":"user-interact"}
{"message":"post page:TypeError: Cannot read property 'length' of undefined","level":"error","service":"user-interact"}
{"message":"post page:TypeError: Cannot read property 'length' of undefined","level":"error","service":"user-interact"}
{"message":"post page:TypeError: Cannot read property 'length' of undefined","level":"error","service":"user-interact"}
{"message":"post page:TypeError: Cannot read property 'length' of undefined","level":"error","service":"user-interact"}
{"message":"post page:TypeError: Cannot read property 'length' of undefined","level":"error","service":"user-interact"}
{"message":"post page:TypeError: Cannot read property 'length' of undefined","level":"error","service":"user-interact"}
{"message":"post page:TypeError: Cannot read property 'length' of undefined","level":"error","service":"user-interact"}
{"message":"post page:TypeError: Cannot read property 'length' of undefined","level":"error","service":"user-interact"}
{"message":"post page:TypeError: Cannot read property 'length' of undefined","level":"error","service":"user-interact"}
{"message":"post page:TypeError: Cannot read property 'length' of undefined","level":"error","service":"user-interact"}
{"message":"post page:TypeError: Cannot read property 'length' of undefined","level":"error","service":"user-interact"}
{"message":"post page:TypeError: Cannot read property 'length' of undefined","level":"error","service":"user-interact"}
{"message":"post page:TypeError: Cannot read property 'length' of undefined","level":"error","service":"user-interact"}
{"message":"post page:TypeError: Cannot read property 'length' of undefined","level":"error","service":"user-interact"}
{"message":"post page:TypeError: Cannot read property 'length' of undefined","level":"error","service":"user-interact"}
{"message":"post page:TypeError: Cannot read property 'length' of undefined","level":"error","service":"user-interact"}
{"message":"post page:TypeError: Cannot read property 'itemsPerPage' of undefined","level":"error","service":"user-interact"}
{"message":"post page:TypeError: Cannot read property 'length' of undefined","level":"error","service":"user-interact"}
{"message":"post put:ReferenceError: update is not defined","level":"error","service":"user-interact"}
{"message":"post put:ReferenceError: update is not defined","level":"error","service":"user-interact"}
{"message":"post put:ReferenceError: update is not defined","level":"error","service":"user-interact"}
{"message":"post put:ReferenceError: update is not defined","level":"error","service":"user-interact"}
{"message":"post put:ReferenceError: update is not defined","level":"error","service":"user-interact"}
{"message":"post page:TypeError: Cannot read property 'length' of undefined","level":"error","service":"user-interact"}
{"message":"post page:TypeError: Cannot read property 'length' of undefined","level":"error","service":"user-interact"}
{"message":"post page:TypeError: Cannot read property 'length' of undefined","level":"error","service":"user-interact"}
{"message":"post page:TypeError: Cannot read property 'length' of undefined","level":"error","service":"user-interact"}
{"message":"post page:TypeError: Cannot read property 'length' of undefined","level":"error","service":"user-interact"}
{"message":"post page:TypeError: Cannot read property 'length' of undefined","level":"error","service":"user-interact"}
{"message":"post page:TypeError: Cannot read property 'length' of undefined","level":"error","service":"user-interact"}
{"message":"post page:TypeError: Cannot read property 'length' of undefined","level":"error","service":"user-interact"}
{"message":"post page:TypeError: Cannot read property 'length' of undefined","level":"error","service":"user-interact"}
{"message":"post page:TypeError: Cannot read property 'length' of undefined","level":"error","service":"user-interact"}
{"message":"post page:TypeError: Cannot read property 'length' of undefined","level":"error","service":"user-interact"}
{"message":"post page:TypeError: Cannot read property 'itemsPerPage' of undefined","level":"error","service":"user-interact"}
{"message":"post page:TypeError: Cannot read property 'itemsPerPage' of undefined","level":"error","service":"user-interact"}
{"message":"post page:TypeError: Cannot read property 'itemsPerPage' of undefined","level":"error","service":"user-interact"}
{"message":"post page:TypeError: Cannot read property 'itemsPerPage' of undefined","level":"error","service":"user-interact"}
{"message":"post page:TypeError: Cannot read property 'itemsPerPage' of undefined","level":"error","service":"user-interact"}
{"message":"post page:TypeError: Cannot read property 'itemsPerPage' of undefined","level":"error","service":"user-interact"}
{"message":"post page:TypeError: Cannot read property 'itemsPerPage' of undefined","level":"error","service":"user-interact"}
{"message":"post page:TypeError: Cannot read property 'itemsPerPage' of undefined","level":"error","service":"user-interact"}
{"message":"post page:TypeError: Cannot read property 'itemsPerPage' of undefined","level":"error","service":"user-interact"}
{"message":"post page:TypeError: Cannot read property 'itemsPerPage' of undefined","level":"error","service":"user-interact"}
{"message":"post page:TypeError: Cannot read property 'itemsPerPage' of undefined","level":"error","service":"user-interact"}
{"message":"post page:TypeError: Cannot read property 'itemsPerPage' of undefined","level":"error","service":"user-interact"}
{"message":"post page:TypeError: Cannot read property 'itemsPerPage' of undefined","level":"error","service":"user-interact"}
{"message":"post page:TypeError: Cannot read property 'itemsPerPage' of undefined","level":"error","service":"user-interact"}
{"message":"post page:TypeError: Cannot read property 'itemsPerPage' of undefined","level":"error","service":"user-interact"}
{"message":"post page:TypeError: Cannot read property 'itemsPerPage' of undefined","level":"error","service":"user-interact"}
{"message":"post page:TypeError: Cannot read property 'length' of undefined","level":"error","service":"user-interact"}
{"message":"post put:ReferenceError: update is not defined","level":"error","service":"user-interact"}
{"message":"post put:ReferenceError: update is not defined","level":"error","service":"user-interact"}
{"message":"post page:TypeError: Cannot read property 'length' of undefined","level":"error","service":"user-interact"}
{"message":"post put:ReferenceError: update is not defined","level":"error","service":"user-interact"}
{"message":"post page:TypeError: Cannot read property 'length' of undefined","level":"error","service":"user-interact"}
{"message":"post page:TypeError: Cannot read property 'length' of undefined","level":"error","service":"user-interact"}
{"message":"post page:TypeError: Cannot read property 'length' of undefined","level":"error","service":"user-interact"}
{"message":"post page:TypeError: Cannot read property 'length' of undefined","level":"error","service":"user-interact"}
{"message":"post page:TypeError: Cannot read property 'length' of undefined","level":"error","service":"user-interact"}
{"message":"post page:TypeError: Cannot read property 'length' of undefined","level":"error","service":"user-interact"}
{"message":"post page:TypeError: Cannot read property 'length' of undefined","level":"error","service":"user-interact"}
{"message":"post page:TypeError: Cannot read property 'length' of undefined","level":"error","service":"user-interact"}
{"message":"post page:TypeError: Cannot read property 'length' of undefined","level":"error","service":"user-interact"}
{"message":"post page:TypeError: Cannot read property 'length' of undefined","level":"error","service":"user-interact"}
{"message":"post page:TypeError: Cannot read property 'length' of undefined","level":"error","service":"user-interact"}
{"message":"role page:TypeError: Cannot read property 'length' of undefined","level":"error","service":"user-interact"}
{"message":"post page:TypeError: Cannot read property 'length' of undefined","level":"error","service":"user-interact"}
{"message":"post page:TypeError: Cannot read property 'length' of undefined","level":"error","service":"user-interact"}
{"message":"post page:TypeError: Cannot read property 'length' of undefined","level":"error","service":"user-interact"}
{"message":"post put:ReferenceError: postsave is not defined","level":"error","service":"user-interact"}
{"message":"post put:ReferenceError: postsave is not defined","level":"error","service":"user-interact"}
{"message":"post page:TypeError: Cannot read property 'length' of undefined","level":"error","service":"user-interact"}
{"message":"post page:TypeError: Cannot read property 'length' of undefined","level":"error","service":"user-interact"}
{"message":"post page:TypeError: Cannot read property 'length' of undefined","level":"error","service":"user-interact"}
{"message":"verify token:JsonWebTokenError: jwt malformed","level":"error","service":"user-interact"}
{"message":"verify token:JsonWebTokenError: jwt malformed","level":"error","service":"user-interact"}
{"message":"verify token:JsonWebTokenError: jwt malformed","level":"error","service":"user-interact"}
{"message":"verify token:JsonWebTokenError: jwt malformed","level":"error","service":"user-interact"}
{"message":"verify token:JsonWebTokenError: jwt malformed","level":"error","service":"user-interact"}
{"message":"verify token:JsonWebTokenError: jwt malformed","level":"error","service":"user-interact"}
{"message":"verify token:JsonWebTokenError: jwt malformed","level":"error","service":"user-interact"}
{"message":"verify token:JsonWebTokenError: jwt malformed","level":"error","service":"user-interact"}
{"message":"post page:TypeError: Cannot read property 'length' of undefined","level":"error","service":"user-interact"}
{"message":"post page:TypeError: Cannot read property 'length' of undefined","level":"error","service":"user-interact"}
{"message":"verify token:JsonWebTokenError: jwt malformed","level":"error","service":"user-interact"}
{"message":"verify token:JsonWebTokenError: jwt malformed","level":"error","service":"user-interact"}
{"message":"verify token:JsonWebTokenError: jwt malformed","level":"error","service":"user-interact"}
{"message":"verify token:JsonWebTokenError: jwt malformed","level":"error","service":"user-interact"}
{"message":"verify token:JsonWebTokenError: jwt malformed","level":"error","service":"user-interact"}
{"message":"verify token:JsonWebTokenError: jwt malformed","level":"error","service":"user-interact"}
{"message":"verify token:JsonWebTokenError: jwt malformed","level":"error","service":"user-interact"}
{"message":"verify token:JsonWebTokenError: jwt malformed","level":"error","service":"user-interact"}
{"message":"verify token:JsonWebTokenError: jwt malformed","level":"error","service":"user-interact"}
{"message":"verify token:JsonWebTokenError: jwt malformed","level":"error","service":"user-interact"}
{"message":"verify token:JsonWebTokenError: jwt malformed","level":"error","service":"user-interact"}
{"message":"verify token:JsonWebTokenError: jwt malformed","level":"error","service":"user-interact"}
{"message":"verify token:JsonWebTokenError: jwt malformed","level":"error","service":"user-interact"}
{"message":"verify token:JsonWebTokenError: jwt malformed","level":"error","service":"user-interact"}
{"message":"verify token:JsonWebTokenError: jwt malformed","level":"error","service":"user-interact"}
{"message":"verify token:JsonWebTokenError: jwt malformed","level":"error","service":"user-interact"}
{"message":"verify token:JsonWebTokenError: jwt malformed","level":"error","service":"user-interact"}
{"message":"verify token:JsonWebTokenError: jwt malformed","level":"error","service":"user-interact"}
{"message":"post page:TypeError: Cannot read property 'length' of undefined","level":"error","service":"user-interact"}
